2018-02-10 09:01:56 Rozpoczecie pobierania pliku: https://cytaty.eu/img/sda/posters/
2018-02-10 09:05:15 Rozpoczecie pobierania pliku: https://cytaty.eu/img/sda/posters/
2018-02-10 09:05:16 Rozpoczecie pobierania pliku: https://cytaty.eu/img/sda/posters/1.jpg
2018-02-10 09:05:32 Zakonczenie pobierania pliku: posters/piraci-z-karaibow.jpg
2018-02-10 09:05:32 Rozpoczecie pobierania pliku: https://cytaty.eu/img/sda/posters/10.jpg
2018-02-10 09:05:42 Zakonczenie pobierania pliku: posters/the-founder.jpg
2018-02-10 09:05:42 Rozpoczecie pobierania pliku: https://cytaty.eu/img/sda/posters/11.jpg
2018-02-10 09:05:46 Zakonczenie pobierania pliku: posters/kapitan-ameryka-civil-war.jpg
2018-02-10 09:05:46 Rozpoczecie pobierania pliku: https://cytaty.eu/img/sda/posters/12.jpg
2018-02-10 09:47:05 Rozpoczecie pobierania pliku: https://cytaty.eu/img/sda/posters/
2018-02-10 09:47:05 Rozpoczecie pobierania pliku: https://cytaty.eu/img/sda/posters/1.jpg
2018-02-10 09:47:06 Zakonczenie pobierania pliku: posters/piraci-z-karaibow.jpg
2018-02-10 09:54:17 Rozpoczecie pobierania pliku: https://cytaty.eu/img/sda/posters/
2018-02-10 09:54:58 Rozpoczecie pobierania pliku: https://cytaty.eu/img/sda/posters/
2018-02-10 09:56:38 Rozpoczecie pobierania pliku: https://cytaty.eu/img/sda/posters/
2018-02-10 09:57:46 Rozpoczecie pobierania pliku: https://cytaty.eu/img/sda/posters/
2018-02-10 09:58:58 Rozpoczecie pobierania pliku: https://cytaty.eu/img/sda/posters/
2018-02-10 09:59:39 Rozpoczecie pobierania pliku: https://cytaty.eu/img/sda/posters/
2018-02-10 10:02:03 Rozpoczecie pobierania pliku: https://cytaty.eu/img/sda/posters/
2018-02-10 10:02:04 Zakonczenie pobierania pliku: posters/piraci-z-karaibow.jpg
2018-02-10 10:02:04 Zakonczenie pobierania pliku: posters/the-founder.jpg
2018-02-10 10:02:04 Zakonczenie pobierania pliku: posters/kapitan-ameryka-civil-war.jpg
2018-02-10 10:02:05 Zakonczenie pobierania pliku: posters/spectre.jpg
2018-02-10 10:02:05 Zakonczenie pobierania pliku: posters/ring.jpg
2018-02-10 10:02:06 Zakonczenie pobierania pliku: posters/blade-runner-2049.jpg
2018-02-10 10:02:06 Zakonczenie pobierania pliku: posters/thor.jpg
2018-02-10 10:02:06 Zakonczenie pobierania pliku: posters/get-out.jpg
2018-02-10 10:02:07 Zakonczenie pobierania pliku: posters/star-wars-last-jedi.jpg
2018-02-10 10:02:08 Zakonczenie pobierania pliku: posters/london.jpg
2018-02-10 10:02:08 Zakonczenie pobierania pliku: posters/tarzan.jpg
2018-02-10 10:02:08 Rozpoczecie pobierania pliku: https://cytaty.eu/img/sda/shots/
2018-02-10 10:02:08 Zakonczenie pobierania pliku: shots/piraci-z-karaibow.jpg
2018-02-10 10:02:08 Zakonczenie pobierania pliku: shots/the-founder.jpg
2018-02-10 10:02:09 Zakonczenie pobierania pliku: shots/kapitan-ameryka-civil-war.jpg
2018-02-10 10:02:09 Zakonczenie pobierania pliku: shots/spectre.jpg
2018-02-10 10:02:09 Zakonczenie pobierania pliku: shots/ring.jpg
2018-02-10 10:02:09 Zakonczenie pobierania pliku: shots/blade-runner-2049.jpg
2018-02-10 10:02:10 Zakonczenie pobierania pliku: shots/thor.jpg
2018-02-10 10:02:10 Zakonczenie pobierania pliku: shots/get-out.jpg
2018-02-10 10:02:12 Zakonczenie pobierania pliku: shots/star-wars-last-jedi.jpg
2018-02-10 10:02:12 Zakonczenie pobierania pliku: shots/okja.jpg
2018-02-10 10:02:13 Zakonczenie pobierania pliku: shots/london.jpg
2018-02-10 10:02:13 Zakonczenie pobierania pliku: shots/tarzan.jpg
2018-02-10 10:02:21 Rozpoczecie pobierania pliku: https://cytaty.eu/img/sda/posters/
2018-02-10 10:02:22 Zakonczenie pobierania pliku: posters/piraci-z-karaibow.jpg
2018-02-10 10:02:22 Zakonczenie pobierania pliku: posters/the-founder.jpg
2018-02-10 10:02:22 Zakonczenie pobierania pliku: posters/kapitan-ameryka-civil-war.jpg
2018-02-10 10:02:23 Zakonczenie pobierania pliku: posters/spectre.jpg
2018-02-10 10:02:23 Zakonczenie pobierania pliku: posters/ring.jpg
2018-02-10 10:02:24 Zakonczenie pobierania pliku: posters/blade-runner-2049.jpg
2018-02-10 10:02:25 Zakonczenie pobierania pliku: posters/thor.jpg
2018-02-10 10:02:25 Zakonczenie pobierania pliku: posters/get-out.jpg
2018-02-10 10:02:26 Zakonczenie pobierania pliku: posters/star-wars-last-jedi.jpg
2018-02-10 10:02:26 Zakonczenie pobierania pliku: posters/london.jpg
2018-02-10 10:02:26 Zakonczenie pobierania pliku: posters/tarzan.jpg
2018-02-10 10:02:26 Rozpoczecie pobierania pliku: https://cytaty.eu/img/sda/shots/
2018-02-10 10:02:27 Zakonczenie pobierania pliku: shots/piraci-z-karaibow.jpg
2018-02-10 10:02:27 Zakonczenie pobierania pliku: shots/the-founder.jpg
2018-02-10 10:02:27 Zakonczenie pobierania pliku: shots/kapitan-ameryka-civil-war.jpg
2018-02-10 10:02:27 Zakonczenie pobierania pliku: shots/spectre.jpg
2018-02-10 10:02:27 Zakonczenie pobierania pliku: shots/ring.jpg
2018-02-10 10:02:28 Zakonczenie pobierania pliku: shots/blade-runner-2049.jpg
2018-02-10 10:02:28 Zakonczenie pobierania pliku: shots/thor.jpg
2018-02-10 10:02:29 Zakonczenie pobierania pliku: shots/get-out.jpg
2018-02-10 10:02:30 Zakonczenie pobierania pliku: shots/star-wars-last-jedi.jpg
2018-02-10 10:02:30 Zakonczenie pobierania pliku: shots/okja.jpg
2018-02-10 10:02:30 Zakonczenie pobierania pliku: shots/london.jpg
2018-02-10 10:02:31 Zakonczenie pobierania pliku: shots/tarzan.jpg
2018-02-10 10:03:35 Rozpoczecie pobierania pliku: https://cytaty.eu/img/sda/posters/
2018-02-10 10:03:35 Zakonczenie pobierania pliku: posters/piraci-z-karaibow.jpg
2018-02-10 10:03:36 Zakonczenie pobierania pliku: posters/the-founder.jpg
2018-02-10 10:03:36 Zakonczenie pobierania pliku: posters/kapitan-ameryka-civil-war.jpg
2018-02-10 10:03:36 Zakonczenie pobierania pliku: posters/spectre.jpg
2018-02-10 10:03:37 Zakonczenie pobierania pliku: posters/ring.jpg
2018-02-10 10:03:38 Zakonczenie pobierania pliku: posters/blade-runner-2049.jpg
2018-02-10 10:03:38 Zakonczenie pobierania pliku: posters/thor.jpg
2018-02-10 10:03:38 Zakonczenie pobierania pliku: posters/get-out.jpg
2018-02-10 10:03:39 Zakonczenie pobierania pliku: posters/star-wars-last-jedi.jpg
2018-02-10 10:03:40 Zakonczenie pobierania pliku: posters/london.jpg
2018-02-10 10:03:40 Zakonczenie pobierania pliku: posters/tarzan.jpg
2018-02-10 10:03:40 Rozpoczecie pobierania pliku: https://cytaty.eu/img/sda/shots/
2018-02-10 10:03:40 Zakonczenie pobierania pliku: shots/piraci-z-karaibow.jpg
2018-02-10 10:03:41 Zakonczenie pobierania pliku: shots/the-founder.jpg
2018-02-10 10:03:41 Zakonczenie pobierania pliku: shots/kapitan-ameryka-civil-war.jpg
2018-02-10 10:03:41 Zakonczenie pobierania pliku: shots/spectre.jpg
2018-02-10 10:03:41 Zakonczenie pobierania pliku: shots/ring.jpg
2018-02-10 10:03:42 Zakonczenie pobierania pliku: shots/blade-runner-2049.jpg
2018-02-10 10:03:42 Zakonczenie pobierania pliku: shots/thor.jpg
2018-02-10 10:03:42 Zakonczenie pobierania pliku: shots/get-out.jpg
2018-02-10 10:03:44 Zakonczenie pobierania pliku: shots/star-wars-last-jedi.jpg
2018-02-10 10:03:44 Zakonczenie pobierania pliku: shots/okja.jpg
2018-02-10 10:03:44 Zakonczenie pobierania pliku: shots/london.jpg
2018-02-10 10:03:44 Zakonczenie pobierania pliku: shots/tarzan.jpg
2018-02-10 10:04:21 Rozpoczecie pobierania pliku: https://cytaty.eu/img/sda/posters/
2018-02-10 10:04:21 Zakonczenie pobierania pliku: posters/piraci-z-karaibow.jpg
2018-02-10 10:04:21 Zakonczenie pobierania pliku: posters/the-founder.jpg
2018-02-10 10:04:22 Zakonczenie pobierania pliku: posters/kapitan-ameryka-civil-war.jpg
2018-02-10 10:04:22 Zakonczenie pobierania pliku: posters/spectre.jpg
2018-02-10 10:04:22 Zakonczenie pobierania pliku: posters/ring.jpg
2018-02-10 10:04:23 Zakonczenie pobierania pliku: posters/blade-runner-2049.jpg
2018-02-10 10:04:24 Zakonczenie pobierania pliku: posters/thor.jpg
2018-02-10 10:04:24 Zakonczenie pobierania pliku: posters/get-out.jpg
2018-02-10 10:04:25 Zakonczenie pobierania pliku: posters/star-wars-last-jedi.jpg
2018-02-10 10:04:25 Zakonczenie pobierania pliku: posters/london.jpg
2018-02-10 10:04:25 Zakonczenie pobierania pliku: posters/tarzan.jpg
2018-02-10 10:04:25 Rozpoczecie pobierania pliku: https://cytaty.eu/img/sda/shots/
2018-02-10 10:04:26 Zakonczenie pobierania pliku: shots/piraci-z-karaibow.jpg
2018-02-10 10:04:26 Zakonczenie pobierania pliku: shots/the-founder.jpg
2018-02-10 10:04:27 Zakonczenie pobierania pliku: shots/kapitan-ameryka-civil-war.jpg
2018-02-10 10:04:27 Zakonczenie pobierania pliku: shots/spectre.jpg
2018-02-10 10:04:27 Zakonczenie pobierania pliku: shots/ring.jpg
2018-02-10 10:04:27 Zakonczenie pobierania pliku: shots/blade-runner-2049.jpg
2018-02-10 10:04:28 Zakonczenie pobierania pliku: shots/thor.jpg
2018-02-10 10:04:28 Zakonczenie pobierania pliku: shots/get-out.jpg
2018-02-10 10:04:29 Zakonczenie pobierania pliku: shots/star-wars-last-jedi.jpg
2018-02-10 10:04:29 Zakonczenie pobierania pliku: shots/okja.jpg
2018-02-10 10:04:30 Zakonczenie pobierania pliku: shots/london.jpg
2018-02-10 10:04:30 Zakonczenie pobierania pliku: shots/tarzan.jpg
2018-02-10 10:06:13 Rozpoczecie pobierania pliku: https://cytaty.eu/img/sda/posters/
2018-02-10 10:06:14 Zakonczenie pobierania pliku: posters/piraci-z-karaibow.jpg
2018-02-10 10:06:14 Zakonczenie pobierania pliku: posters/the-founder.jpg
2018-02-10 10:06:14 Zakonczenie pobierania pliku: posters/kapitan-ameryka-civil-war.jpg
2018-02-10 10:06:15 Zakonczenie pobierania pliku: posters/spectre.jpg
2018-02-10 10:06:15 Zakonczenie pobierania pliku: posters/ring.jpg
2018-02-10 10:06:16 Zakonczenie pobierania pliku: posters/blade-runner-2049.jpg
2018-02-10 10:06:16 Zakonczenie pobierania pliku: posters/thor.jpg
2018-02-10 10:06:17 Zakonczenie pobierania pliku: posters/get-out.jpg
2018-02-10 10:06:17 Zakonczenie pobierania pliku: posters/star-wars-last-jedi.jpg
2018-02-10 10:06:18 Zakonczenie pobierania pliku: posters/london.jpg
2018-02-10 10:06:18 Zakonczenie pobierania pliku: posters/tarzan.jpg
2018-02-10 10:06:18 Rozpoczecie pobierania pliku: https://cytaty.eu/img/sda/shots/
2018-02-10 10:06:18 Zakonczenie pobierania pliku: shots/piraci-z-karaibow.jpg
2018-02-10 10:06:18 Zakonczenie pobierania pliku: shots/the-founder.jpg
2018-02-10 10:06:19 Zakonczenie pobierania pliku: shots/kapitan-ameryka-civil-war.jpg
2018-02-10 10:06:19 Zakonczenie pobierania pliku: shots/spectre.jpg
2018-02-10 10:06:19 Zakonczenie pobierania pliku: shots/ring.jpg
2018-02-10 10:06:19 Zakonczenie pobierania pliku: shots/blade-runner-2049.jpg
2018-02-10 10:06:20 Zakonczenie pobierania pliku: shots/thor.jpg
2018-02-10 10:06:20 Zakonczenie pobierania pliku: shots/get-out.jpg
2018-02-10 10:06:21 Zakonczenie pobierania pliku: shots/star-wars-last-jedi.jpg
2018-02-10 10:06:22 Zakonczenie pobierania pliku: shots/okja.jpg
2018-02-10 10:06:22 Zakonczenie pobierania pliku: shots/london.jpg
2018-02-10 10:06:22 Zakonczenie pobierania pliku: shots/tarzan.jpg
2018-02-10 10:14:51 Rozpoczecie pobierania pliku: https://cytaty.eu/img/sda/posters/
2018-02-10 10:14:52 Zakonczenie pobierania pliku: posters/piraci-z-karaibow.jpg
2018-02-10 10:14:53 Zakonczenie pobierania pliku: posters/the-founder.jpg
2018-02-10 10:14:53 Zakonczenie pobierania pliku: posters/kapitan-ameryka-civil-war.jpg
2018-02-10 10:14:54 Zakonczenie pobierania pliku: posters/spectre.jpg
2018-02-10 10:14:54 Zakonczenie pobierania pliku: posters/ring.jpg
2018-02-10 10:14:55 Zakonczenie pobierania pliku: posters/blade-runner-2049.jpg
2018-02-10 10:14:56 Zakonczenie pobierania pliku: posters/thor.jpg
2018-02-10 10:14:56 Zakonczenie pobierania pliku: posters/get-out.jpg
2018-02-10 10:14:57 Zakonczenie pobierania pliku: posters/star-wars-last-jedi.jpg
2018-02-10 10:14:57 Zakonczenie pobierania pliku: posters/london.jpg
2018-02-10 10:14:58 Zakonczenie pobierania pliku: posters/tarzan.jpg
2018-02-10 10:14:58 Rozpoczecie pobierania pliku: https://cytaty.eu/img/sda/shots/
2018-02-10 10:14:58 Zakonczenie pobierania pliku: shots/piraci-z-karaibow.jpg
2018-02-10 10:14:58 Zakonczenie pobierania pliku: shots/the-founder.jpg
2018-02-10 10:14:59 Zakonczenie pobierania pliku: shots/kapitan-ameryka-civil-war.jpg
2018-02-10 10:14:59 Zakonczenie pobierania pliku: shots/spectre.jpg
2018-02-10 10:14:59 Zakonczenie pobierania pliku: shots/ring.jpg
2018-02-10 10:14:59 Zakonczenie pobierania pliku: shots/blade-runner-2049.jpg
2018-02-10 10:15:00 Zakonczenie pobierania pliku: shots/thor.jpg
2018-02-10 10:15:00 Zakonczenie pobierania pliku: shots/get-out.jpg
2018-02-10 10:15:02 Zakonczenie pobierania pliku: shots/star-wars-last-jedi.jpg
2018-02-10 10:15:02 Zakonczenie pobierania pliku: shots/okja.jpg
2018-02-10 10:15:02 Zakonczenie pobierania pliku: shots/london.jpg
2018-02-10 10:15:03 Zakonczenie pobierania pliku: shots/tarzan.jpg
2018-02-10 10:15:20 Rozpoczecie pobierania pliku: https://cytaty.eu/img/sda/posters/
2018-02-10 10:15:21 Zakonczenie pobierania pliku: posters/piraci-z-karaibow.jpg
2018-02-10 10:15:21 Zakonczenie pobierania pliku: posters/the-founder.jpg
2018-02-10 10:15:21 Zakonczenie pobierania pliku: posters/kapitan-ameryka-civil-war.jpg
2018-02-10 10:15:22 Zakonczenie pobierania pliku: posters/spectre.jpg
2018-02-10 10:15:22 Zakonczenie pobierania pliku: posters/ring.jpg
2018-02-10 10:15:23 Zakonczenie pobierania pliku: posters/blade-runner-2049.jpg
2018-02-10 10:15:24 Zakonczenie pobierania pliku: posters/thor.jpg
2018-02-10 10:15:24 Zakonczenie pobierania pliku: posters/get-out.jpg
2018-02-10 10:15:25 Zakonczenie pobierania pliku: posters/star-wars-last-jedi.jpg
2018-02-10 10:15:25 Zakonczenie pobierania pliku: posters/london.jpg
2018-02-10 10:15:25 Zakonczenie pobierania pliku: posters/tarzan.jpg
2018-02-10 10:15:25 Rozpoczecie pobierania pliku: https://cytaty.eu/img/sda/shots/
2018-02-10 10:15:26 Zakonczenie pobierania pliku: shots/piraci-z-karaibow.jpg
2018-02-10 10:15:26 Zakonczenie pobierania pliku: shots/the-founder.jpg
2018-02-10 10:15:26 Zakonczenie pobierania pliku: shots/kapitan-ameryka-civil-war.jpg
2018-02-10 10:15:27 Zakonczenie pobierania pliku: shots/spectre.jpg
2018-02-10 10:15:27 Zakonczenie pobierania pliku: shots/ring.jpg
2018-02-10 10:15:27 Zakonczenie pobierania pliku: shots/blade-runner-2049.jpg
2018-02-10 10:15:27 Zakonczenie pobierania pliku: shots/thor.jpg
2018-02-10 10:15:28 Zakonczenie pobierania pliku: shots/get-out.jpg
2018-02-10 10:15:29 Zakonczenie pobierania pliku: shots/star-wars-last-jedi.jpg
2018-02-10 10:15:29 Zakonczenie pobierania pliku: shots/okja.jpg
2018-02-10 10:15:29 Zakonczenie pobierania pliku: shots/london.jpg
2018-02-10 10:15:30 Zakonczenie pobierania pliku: shots/tarzan.jpg
2018-02-10 10:16:21 Rozpoczecie pobierania pliku: https://cytaty.eu/img/sda/posters/
2018-02-10 10:16:25 Zakonczenie pobierania pliku: posters/piraci-z-karaibow.jpg
2018-02-10 10:16:25 Zakonczenie pobierania pliku: posters/the-founder.jpg
2018-02-10 10:16:26 Zakonczenie pobierania pliku: posters/kapitan-ameryka-civil-war.jpg
2018-02-10 10:16:26 Zakonczenie pobierania pliku: posters/spectre.jpg
2018-02-10 10:16:26 Zakonczenie pobierania pliku: posters/ring.jpg
2018-02-10 10:16:27 Zakonczenie pobierania pliku: posters/blade-runner-2049.jpg
2018-02-10 10:16:28 Zakonczenie pobierania pliku: posters/thor.jpg
2018-02-10 10:16:28 Zakonczenie pobierania pliku: posters/get-out.jpg
2018-02-10 10:16:29 Zakonczenie pobierania pliku: posters/star-wars-last-jedi.jpg
2018-02-10 10:16:29 Zakonczenie pobierania pliku: posters/london.jpg
2018-02-10 10:16:29 Zakonczenie pobierania pliku: posters/tarzan.jpg
2018-02-10 10:16:29 Rozpoczecie pobierania pliku: https://cytaty.eu/img/sda/shots/
2018-02-10 10:16:30 Zakonczenie pobierania pliku: shots/piraci-z-karaibow.jpg
2018-02-10 10:16:30 Zakonczenie pobierania pliku: shots/the-founder.jpg
2018-02-10 10:16:31 Zakonczenie pobierania pliku: shots/kapitan-ameryka-civil-war.jpg
2018-02-10 10:16:31 Zakonczenie pobierania pliku: shots/spectre.jpg
2018-02-10 10:16:32 Zakonczenie pobierania pliku: shots/ring.jpg
2018-02-10 10:16:32 Zakonczenie pobierania pliku: shots/blade-runner-2049.jpg
2018-02-10 10:16:33 Zakonczenie pobierania pliku: shots/thor.jpg
2018-02-10 10:16:33 Zakonczenie pobierania pliku: shots/get-out.jpg
2018-02-10 10:16:34 Zakonczenie pobierania pliku: shots/star-wars-last-jedi.jpg
2018-02-10 10:16:35 Zakonczenie pobierania pliku: shots/okja.jpg
2018-02-10 10:16:35 Zakonczenie pobierania pliku: shots/london.jpg
2018-02-10 10:16:35 Zakonczenie pobierania pliku: shots/tarzan.jpg
2018-02-10 10:58:08 Rozpoczecie pobierania pliku: https://cytaty.eu/img/sda/posters/
2018-02-10 10:58:09 Zakonczenie pobierania pliku: posters/piraci-z-karaibow.jpg
2018-02-10 10:58:09 Zakonczenie pobierania pliku: posters/the-founder.jpg
2018-02-10 10:58:10 Zakonczenie pobierania pliku: posters/kapitan-ameryka-civil-war.jpg
2018-02-10 10:58:11 Zakonczenie pobierania pliku: posters/spectre.jpg
2018-02-10 10:58:12 Zakonczenie pobierania pliku: posters/ring.jpg
2018-02-10 10:58:13 Zakonczenie pobierania pliku: posters/blade-runner-2049.jpg
2018-02-10 10:58:14 Zakonczenie pobierania pliku: posters/thor.jpg
2018-02-10 10:58:15 Zakonczenie pobierania pliku: posters/get-out.jpg
2018-02-10 10:58:16 Zakonczenie pobierania pliku: posters/star-wars-last-jedi.jpg
2018-02-10 10:58:16 Zakonczenie pobierania pliku: posters/london.jpg
2018-02-10 10:58:16 Zakonczenie pobierania pliku: posters/tarzan.jpg
2018-02-10 10:58:16 Rozpoczecie pobierania pliku: https://cytaty.eu/img/sda/shots/
2018-02-10 10:58:17 Zakonczenie pobierania pliku: shots/piraci-z-karaibow.jpg
2018-02-10 10:58:17 Zakonczenie pobierania pliku: shots/the-founder.jpg
2018-02-10 10:58:18 Zakonczenie pobierania pliku: shots/kapitan-ameryka-civil-war.jpg
2018-02-10 10:58:18 Zakonczenie pobierania pliku: shots/spectre.jpg
2018-02-10 10:58:18 Zakonczenie pobierania pliku: shots/ring.jpg
2018-02-10 10:58:18 Zakonczenie pobierania pliku: shots/blade-runner-2049.jpg
2018-02-10 10:58:20 Zakonczenie pobierania pliku: shots/thor.jpg
2018-02-10 10:58:20 Zakonczenie pobierania pliku: shots/get-out.jpg
2018-02-10 10:58:22 Zakonczenie pobierania pliku: shots/star-wars-last-jedi.jpg
2018-02-10 10:58:23 Zakonczenie pobierania pliku: shots/okja.jpg
2018-02-10 10:58:23 Zakonczenie pobierania pliku: shots/london.jpg
2018-02-10 10:58:23 Zakonczenie pobierania pliku: shots/tarzan.jpg
2018-02-10 10:59:21 Rozpoczecie pobierania pliku: https://cytaty.eu/img/sda/posters/
2018-02-10 10:59:21 Zakonczenie pobierania pliku: posters/piraci-z-karaibow.jpg
2018-02-10 10:59:21 Zakonczenie pobierania pliku: posters/the-founder.jpg
2018-02-10 10:59:22 Zakonczenie pobierania pliku: posters/kapitan-ameryka-civil-war.jpg
2018-02-10 10:59:22 Zakonczenie pobierania pliku: posters/spectre.jpg
2018-02-10 10:59:22 Zakonczenie pobierania pliku: posters/ring.jpg
2018-02-10 10:59:23 Zakonczenie pobierania pliku: posters/blade-runner-2049.jpg
2018-02-10 10:59:24 Zakonczenie pobierania pliku: posters/thor.jpg
2018-02-10 10:59:24 Zakonczenie pobierania pliku: posters/get-out.jpg
2018-02-10 10:59:25 Zakonczenie pobierania pliku: posters/star-wars-last-jedi.jpg
2018-02-10 10:59:25 Zakonczenie pobierania pliku: posters/london.jpg
2018-02-10 10:59:26 Zakonczenie pobierania pliku: posters/tarzan.jpg
2018-02-10 10:59:26 Rozpoczecie pobierania pliku: https://cytaty.eu/img/sda/shots/
2018-02-10 10:59:26 Zakonczenie pobierania pliku: shots/piraci-z-karaibow.jpg
2018-02-10 10:59:26 Zakonczenie pobierania pliku: shots/the-founder.jpg
2018-02-10 10:59:27 Zakonczenie pobierania pliku: shots/kapitan-ameryka-civil-war.jpg
2018-02-10 10:59:27 Zakonczenie pobierania pliku: shots/spectre.jpg
2018-02-10 10:59:27 Zakonczenie pobierania pliku: shots/ring.jpg
2018-02-10 10:59:27 Zakonczenie pobierania pliku: shots/blade-runner-2049.jpg
2018-02-10 10:59:28 Zakonczenie pobierania pliku: shots/thor.jpg
2018-02-10 10:59:28 Zakonczenie pobierania pliku: shots/get-out.jpg
2018-02-10 10:59:30 Zakonczenie pobierania pliku: shots/star-wars-last-jedi.jpg
2018-02-10 10:59:30 Zakonczenie pobierania pliku: shots/okja.jpg
2018-02-10 10:59:30 Zakonczenie pobierania pliku: shots/london.jpg
2018-02-10 10:59:30 Zakonczenie pobierania pliku: shots/tarzan.jpg
2018-02-10 11:00:16 Rozpoczecie pobierania pliku: https://cytaty.eu/img/sda/posters/
2018-02-10 11:00:16 Zakonczenie pobierania pliku: posters/piraci-z-karaibow.jpg
2018-02-10 11:00:17 Zakonczenie pobierania pliku: posters/the-founder.jpg
2018-02-10 11:00:17 Zakonczenie pobierania pliku: posters/kapitan-ameryka-civil-war.jpg
2018-02-10 11:00:17 Zakonczenie pobierania pliku: posters/spectre.jpg
2018-02-10 11:00:18 Zakonczenie pobierania pliku: posters/ring.jpg
2018-02-10 11:00:19 Zakonczenie pobierania pliku: posters/blade-runner-2049.jpg
2018-02-10 11:00:19 Zakonczenie pobierania pliku: posters/thor.jpg
2018-02-10 11:00:19 Zakonczenie pobierania pliku: posters/get-out.jpg
2018-02-10 11:00:20 Zakonczenie pobierania pliku: posters/star-wars-last-jedi.jpg
2018-02-10 11:00:21 Zakonczenie pobierania pliku: posters/london.jpg
2018-02-10 11:00:21 Zakonczenie pobierania pliku: posters/tarzan.jpg
2018-02-10 11:00:21 Rozpoczecie pobierania pliku: https://cytaty.eu/img/sda/shots/
2018-02-10 11:00:21 Zakonczenie pobierania pliku: shots/piraci-z-karaibow.jpg
2018-02-10 11:00:21 Zakonczenie pobierania pliku: shots/the-founder.jpg
2018-02-10 11:00:22 Zakonczenie pobierania pliku: shots/kapitan-ameryka-civil-war.jpg
2018-02-10 11:00:22 Zakonczenie pobierania pliku: shots/spectre.jpg
2018-02-10 11:00:22 Zakonczenie pobierania pliku: shots/ring.jpg
2018-02-10 11:00:22 Zakonczenie pobierania pliku: shots/blade-runner-2049.jpg
2018-02-10 11:00:23 Zakonczenie pobierania pliku: shots/thor.jpg
2018-02-10 11:00:23 Zakonczenie pobierania pliku: shots/get-out.jpg
2018-02-10 11:00:25 Zakonczenie pobierania pliku: shots/star-wars-last-jedi.jpg
2018-02-10 11:00:25 Zakonczenie pobierania pliku: shots/okja.jpg
2018-02-10 11:00:25 Zakonczenie pobierania pliku: shots/london.jpg
2018-02-10 11:00:25 Zakonczenie pobierania pliku: shots/tarzan.jpg
2018-02-10 11:00:30 Rozpoczecie pobierania pliku: https://cytaty.eu/img/sda/posters/
2018-02-10 11:00:30 Zakonczenie pobierania pliku: posters/piraci-z-karaibow.jpg
2018-02-10 11:00:31 Zakonczenie pobierania pliku: posters/the-founder.jpg
2018-02-10 11:00:31 Zakonczenie pobierania pliku: posters/kapitan-ameryka-civil-war.jpg
2018-02-10 11:00:31 Zakonczenie pobierania pliku: posters/spectre.jpg
2018-02-10 11:00:32 Zakonczenie pobierania pliku: posters/ring.jpg
2018-02-10 11:00:32 Zakonczenie pobierania pliku: posters/blade-runner-2049.jpg
2018-02-10 11:00:33 Zakonczenie pobierania pliku: posters/thor.jpg
2018-02-10 11:00:33 Zakonczenie pobierania pliku: posters/get-out.jpg
2018-02-10 11:00:34 Zakonczenie pobierania pliku: posters/star-wars-last-jedi.jpg
2018-02-10 11:00:34 Zakonczenie pobierania pliku: posters/london.jpg
2018-02-10 11:00:35 Zakonczenie pobierania pliku: posters/tarzan.jpg
2018-02-10 11:00:35 Rozpoczecie pobierania pliku: https://cytaty.eu/img/sda/shots/
2018-02-10 11:00:35 Zakonczenie pobierania pliku: shots/piraci-z-karaibow.jpg
2018-02-10 11:00:35 Zakonczenie pobierania pliku: shots/the-founder.jpg
2018-02-10 11:00:36 Zakonczenie pobierania pliku: shots/kapitan-ameryka-civil-war.jpg
2018-02-10 11:00:36 Zakonczenie pobierania pliku: shots/spectre.jpg
2018-02-10 11:00:36 Zakonczenie pobierania pliku: shots/ring.jpg
2018-02-10 11:00:36 Zakonczenie pobierania pliku: shots/blade-runner-2049.jpg
2018-02-10 11:00:37 Zakonczenie pobierania pliku: shots/thor.jpg
2018-02-10 11:00:37 Zakonczenie pobierania pliku: shots/get-out.jpg
2018-02-10 11:00:38 Zakonczenie pobierania pliku: shots/star-wars-last-jedi.jpg
2018-02-10 11:00:39 Zakonczenie pobierania pliku: shots/okja.jpg
2018-02-10 11:00:39 Zakonczenie pobierania pliku: shots/london.jpg
2018-02-10 11:00:39 Zakonczenie pobierania pliku: shots/tarzan.jpg
[2018-02-10 11:01:55] Filmoteka.DEBUG: Rozpoczecie pobierania pliku: https://cytaty.eu/img/sda/posters/ [] []
[2018-02-10 11:01:55] Filmoteka.DEBUG: Zakonczenie pobierania pliku: posters/piraci-z-karaibow.jpg [] []
[2018-02-10 11:01:56] Filmoteka.DEBUG: Zakonczenie pobierania pliku: posters/the-founder.jpg [] []
[2018-02-10 11:01:56] Filmoteka.DEBUG: Zakonczenie pobierania pliku: posters/kapitan-ameryka-civil-war.jpg [] []
[2018-02-10 11:01:57] Filmoteka.DEBUG: Zakonczenie pobierania pliku: posters/spectre.jpg [] []
[2018-02-10 11:01:57] Filmoteka.DEBUG: Zakonczenie pobierania pliku: posters/ring.jpg [] []
[2018-02-10 11:01:58] Filmoteka.DEBUG: Zakonczenie pobierania pliku: posters/blade-runner-2049.jpg [] []
[2018-02-10 11:01:58] Filmoteka.DEBUG: Zakonczenie pobierania pliku: posters/thor.jpg [] []
[2018-02-10 11:01:59] Filmoteka.DEBUG: Zakonczenie pobierania pliku: posters/get-out.jpg [] []
[2018-02-10 11:02:00] Filmoteka.DEBUG: Zakonczenie pobierania pliku: posters/star-wars-last-jedi.jpg [] []
[2018-02-10 11:02:00] Filmoteka.DEBUG: Zakonczenie pobierania pliku: posters/london.jpg [] []
[2018-02-10 11:02:00] Filmoteka.DEBUG: Zakonczenie pobierania pliku: posters/tarzan.jpg [] []
[2018-02-10 11:02:00] Filmoteka.DEBUG: Rozpoczecie pobierania pliku: https://cytaty.eu/img/sda/shots/ [] []
[2018-02-10 11:02:01] Filmoteka.DEBUG: Zakonczenie pobierania pliku: shots/piraci-z-karaibow.jpg [] []
[2018-02-10 11:02:01] Filmoteka.DEBUG: Zakonczenie pobierania pliku: shots/the-founder.jpg [] []
[2018-02-10 11:02:02] Filmoteka.DEBUG: Zakonczenie pobierania pliku: shots/kapitan-ameryka-civil-war.jpg [] []
[2018-02-10 11:02:02] Filmoteka.DEBUG: Zakonczenie pobierania pliku: shots/spectre.jpg [] []
[2018-02-10 11:02:02] Filmoteka.DEBUG: Zakonczenie pobierania pliku: shots/ring.jpg [] []
[2018-02-10 11:02:03] Filmoteka.DEBUG: Zakonczenie pobierania pliku: shots/blade-runner-2049.jpg [] []
[2018-02-10 11:02:03] Filmoteka.DEBUG: Zakonczenie pobierania pliku: shots/thor.jpg [] []
[2018-02-10 11:02:04] Filmoteka.DEBUG: Zakonczenie pobierania pliku: shots/get-out.jpg [] []
[2018-02-10 11:02:06] Filmoteka.DEBUG: Zakonczenie pobierania pliku: shots/star-wars-last-jedi.jpg [] []
[2018-02-10 11:02:06] Filmoteka.DEBUG: Zakonczenie pobierania pliku: shots/okja.jpg [] []
[2018-02-10 11:02:06] Filmoteka.DEBUG: Zakonczenie pobierania pliku: shots/london.jpg [] []
[2018-02-10 11:02:06] Filmoteka.DEBUG: Zakonczenie pobierania pliku: shots/tarzan.jpg [] []
